
[2021-05-09T05:29:43.233151+00:00] DeezerApi.php.DEBUG: (__contruct) New DeeZerApi Constructor called [] []
[2021-05-09T05:29:43.237951+00:00] DeezerApi.php.DEBUG: (__contruct) API key is : 388784 [] []
[2021-05-09T05:29:43.247357+00:00] SpotifyApi.php.DEBUG: (__contruct) New SpotifyApi Constructor called 	da56c65c20f44b43b407a9d4c72d1cc6 	19f1c5442d2d4a22bb3c0495fe6c23ae [] []
[2021-05-09T05:29:43.269025+00:00] SpotifyApi.php.DEBUG: (getAuthUrl) : 1- http://musicmigrator:8080/spotify/auth/sources  	array (   'scope' =>    array (     0 => 'user-read-email',     1 => 'user-read-private',     2 => 'user-library-read',     3 => 'playlist-modify-public',   ), ) [] []
[2021-05-09T05:29:43.270453+00:00] SpotifyApi.php.DEBUG: (getAuthUrl) Authentication URL : https://accounts.spotify.com/authorize?client_id=da56c65c20f44b43b407a9d4c72d1cc6&redirect_uri=http%3A%2F%2Fmusicmigrator%3A8080%2Fspotify%2Fauth%2Fsources&response_type=code&scope=user-read-email+user-read-private+user-library-read+playlist-modify-public [] []
[2021-05-09T05:32:21.889025+00:00] DeezerApi.php.DEBUG: (__contruct) New DeeZerApi Constructor called [] []
[2021-05-09T05:32:21.892023+00:00] DeezerApi.php.DEBUG: (__contruct) API key is : 	478102 [] []
[2021-05-09T05:32:21.896278+00:00] SpotifyApi.php.DEBUG: (getAuthUrl) : 1- http://musicmigrator:8080/spotify/auth/sources  	array (   'scope' =>    array (     0 => 'user-read-email',     1 => 'user-read-private',     2 => 'user-library-read',     3 => 'playlist-modify-public',   ), ) [] []
[2021-05-09T05:32:21.897641+00:00] SpotifyApi.php.DEBUG: (getAuthUrl) Authentication URL : https://accounts.spotify.com/authorize?client_id=da56c65c20f44b43b407a9d4c72d1cc6&redirect_uri=http%3A%2F%2Fmusicmigrator%3A8080%2Fspotify%2Fauth%2Fsources&response_type=code&scope=user-read-email+user-read-private+user-library-read+playlist-modify-public [] []
[2021-05-09T05:33:56.479210+00:00] DeezerApi.php.DEBUG: (__contruct) New DeeZerApi Constructor called [] []
[2021-05-09T05:33:56.482537+00:00] DeezerApi.php.DEBUG: (__contruct) API key is : 	478102 [] []
[2021-05-09T05:33:56.487141+00:00] SpotifyApi.php.DEBUG: (getAuthUrl) : 1- http://musicmigrator:8080/spotify/auth/sources  	array (   'scope' =>    array (     0 => 'user-read-email',     1 => 'user-read-private',     2 => 'user-library-read',     3 => 'playlist-modify-public',   ), ) [] []
[2021-05-09T05:33:56.488562+00:00] SpotifyApi.php.DEBUG: (getAuthUrl) Authentication URL : https://accounts.spotify.com/authorize?client_id=da56c65c20f44b43b407a9d4c72d1cc6&redirect_uri=http%3A%2F%2Fmusicmigrator%3A8080%2Fspotify%2Fauth%2Fsources&response_type=code&scope=user-read-email+user-read-private+user-library-read+playlist-modify-public [] []
[2021-05-09T05:37:21.105136+00:00] DeezerApi.php.DEBUG: (__contruct) New DeeZerApi Constructor called [] []
[2021-05-09T05:37:21.109957+00:00] DeezerApi.php.DEBUG: (__contruct) API key is : 	478102 [] []
[2021-05-09T05:37:21.116821+00:00] SpotifyApi.php.DEBUG: (getAuthUrl) : 1- http://musicmigrator:8080/spotify/auth/sources  	array (   'scope' =>    array (     0 => 'user-read-email',     1 => 'user-read-private',     2 => 'user-library-read',     3 => 'playlist-modify-public',   ), ) [] []
[2021-05-09T05:37:21.118234+00:00] SpotifyApi.php.DEBUG: (getAuthUrl) Authentication URL : https://accounts.spotify.com/authorize?client_id=da56c65c20f44b43b407a9d4c72d1cc6&redirect_uri=http%3A%2F%2Fmusicmigrator%3A8080%2Fspotify%2Fauth%2Fsources&response_type=code&scope=user-read-email+user-read-private+user-library-read+playlist-modify-public [] []
[2021-05-09T05:38:17.431563+00:00] DeezerApi.php.DEBUG: (__contruct) New DeeZerApi Constructor called [] []
[2021-05-09T05:38:17.434157+00:00] DeezerApi.php.DEBUG: (__contruct) API key is : 	478102 [] []
[2021-05-09T05:38:17.437873+00:00] SpotifyApi.php.DEBUG: (getAuthUrl) : 1- http://musicmigrator:8080/spotify/auth/sources  	array (   'scope' =>    array (     0 => 'user-read-email',     1 => 'user-read-private',     2 => 'user-library-read',     3 => 'playlist-modify-public',   ), ) [] []
[2021-05-09T05:38:17.439300+00:00] SpotifyApi.php.DEBUG: (getAuthUrl) Authentication URL : https://accounts.spotify.com/authorize?client_id=da56c65c20f44b43b407a9d4c72d1cc6&redirect_uri=http%3A%2F%2Fmusicmigrator%3A8080%2Fspotify%2Fauth%2Fsources&response_type=code&scope=user-read-email+user-read-private+user-library-read+playlist-modify-public [] []
[2021-05-09T05:38:18.781500+00:00] DeezerApi.php.DEBUG: (__contruct) New DeeZerApi Constructor called [] []
[2021-05-09T05:38:18.784440+00:00] DeezerApi.php.DEBUG: (__contruct) API key is : 	478102 [] []
[2021-05-09T05:38:18.789185+00:00] SpotifyApi.php.DEBUG: (getAuthUrl) : 1- http://musicmigrator:8080/spotify/auth/sources  	array (   'scope' =>    array (     0 => 'user-read-email',     1 => 'user-read-private',     2 => 'user-library-read',     3 => 'playlist-modify-public',   ), ) [] []
[2021-05-09T05:38:18.791282+00:00] SpotifyApi.php.DEBUG: (getAuthUrl) Authentication URL : https://accounts.spotify.com/authorize?client_id=da56c65c20f44b43b407a9d4c72d1cc6&redirect_uri=http%3A%2F%2Fmusicmigrator%3A8080%2Fspotify%2Fauth%2Fsources&response_type=code&scope=user-read-email+user-read-private+user-library-read+playlist-modify-public [] []
[2021-05-09T05:59:20.429836+00:00] DeezerApi.php.DEBUG: (__contruct) New DeeZerApi Constructor called [] []
[2021-05-09T05:59:20.434386+00:00] DeezerApi.php.DEBUG: (__contruct) API key is : 	478102 [] []
[2021-05-09T05:59:20.538534+00:00] SpotifyApi.php.DEBUG: (getAuthUrl) : 1- http://musicmigrator:8080/spotify/auth/sources  	array (   'scope' =>    array (     0 => 'user-read-email',     1 => 'user-read-private',     2 => 'user-library-read',     3 => 'playlist-modify-public',   ), ) [] []
[2021-05-09T05:59:20.540082+00:00] SpotifyApi.php.DEBUG: (getAuthUrl) Authentication URL : https://accounts.spotify.com/authorize?client_id=da56c65c20f44b43b407a9d4c72d1cc6&redirect_uri=http%3A%2F%2Fmusicmigrator%3A8080%2Fspotify%2Fauth%2Fsources&response_type=code&scope=user-read-email+user-read-private+user-library-read+playlist-modify-public [] []
[2021-05-09T05:59:22.214511+00:00] DeezerApi.php.DEBUG: (__contruct) New DeeZerApi Constructor called [] []
[2021-05-09T05:59:22.217101+00:00] DeezerApi.php.DEBUG: (__contruct) API key is : 	478102 [] []
[2021-05-09T05:59:22.220393+00:00] SpotifyApi.php.DEBUG: (getAuthUrl) : 1- http://musicmigrator:8080/spotify/auth/sources  	array (   'scope' =>    array (     0 => 'user-read-email',     1 => 'user-read-private',     2 => 'user-library-read',     3 => 'playlist-modify-public',   ), ) [] []
[2021-05-09T05:59:22.221690+00:00] SpotifyApi.php.DEBUG: (getAuthUrl) Authentication URL : https://accounts.spotify.com/authorize?client_id=da56c65c20f44b43b407a9d4c72d1cc6&redirect_uri=http%3A%2F%2Fmusicmigrator%3A8080%2Fspotify%2Fauth%2Fsources&response_type=code&scope=user-read-email+user-read-private+user-library-read+playlist-modify-public [] []
[2021-05-09T06:00:31.091037+00:00] DeezerApi.php.DEBUG: (__contruct) New DeeZerApi Constructor called [] []
[2021-05-09T06:00:31.094441+00:00] DeezerApi.php.DEBUG: (__contruct) API key is : 	478102 [] []
[2021-05-09T06:00:31.098864+00:00] SpotifyApi.php.DEBUG: (getAuthUrl) : 1- http://musicmigrator:8080/spotify/auth/sources  	array (   'scope' =>    array (     0 => 'user-read-email',     1 => 'user-read-private',     2 => 'user-library-read',     3 => 'playlist-modify-public',   ), ) [] []
[2021-05-09T06:00:31.100614+00:00] SpotifyApi.php.DEBUG: (getAuthUrl) Authentication URL : https://accounts.spotify.com/authorize?client_id=da56c65c20f44b43b407a9d4c72d1cc6&redirect_uri=http%3A%2F%2Fmusicmigrator%3A8080%2Fspotify%2Fauth%2Fsources&response_type=code&scope=user-read-email+user-read-private+user-library-read+playlist-modify-public [] []
[2021-05-09T06:07:27.885570+00:00] DeezerApi.php.DEBUG: (__contruct) New DeeZerApi Constructor called [] []
[2021-05-09T06:07:27.888644+00:00] DeezerApi.php.DEBUG: (__contruct) API key is : 	478102 [] []
[2021-05-09T06:07:27.893703+00:00] SpotifyApi.php.DEBUG: (getAuthUrl) : 1- http://musicmigrator:8080/spotify/auth/sources  	array (   'scope' =>    array (     0 => 'user-read-email',     1 => 'user-read-private',     2 => 'user-library-read',     3 => 'playlist-modify-public',   ), ) [] []
[2021-05-09T06:07:27.895400+00:00] SpotifyApi.php.DEBUG: (getAuthUrl) Authentication URL : https://accounts.spotify.com/authorize?client_id=da56c65c20f44b43b407a9d4c72d1cc6&redirect_uri=http%3A%2F%2Fmusicmigrator%3A8080%2Fspotify%2Fauth%2Fsources&response_type=code&scope=user-read-email+user-read-private+user-library-read+playlist-modify-public [] []
[2021-05-09T06:22:51.233064+00:00] DeezerApi.php.DEBUG: (__contruct) New DeeZerApi Constructor called [] []
[2021-05-09T06:22:51.236118+00:00] DeezerApi.php.DEBUG: (__contruct) API key is : 	478102 [] []
[2021-05-09T06:22:51.241925+00:00] SpotifyApi.php.DEBUG: (getAuthUrl) : 1- http://musicmigrator:8080/spotify/auth/sources  	array (   'scope' =>    array (     0 => 'user-read-email',     1 => 'user-read-private',     2 => 'user-library-read',     3 => 'playlist-modify-public',   ), ) [] []
[2021-05-09T06:22:51.243372+00:00] SpotifyApi.php.DEBUG: (getAuthUrl) Authentication URL : https://accounts.spotify.com/authorize?client_id=da56c65c20f44b43b407a9d4c72d1cc6&redirect_uri=http%3A%2F%2Fmusicmigrator%3A8080%2Fspotify%2Fauth%2Fsources&response_type=code&scope=user-read-email+user-read-private+user-library-read+playlist-modify-public [] []
[2021-05-09T06:22:53.270542+00:00] DeezerApi.php.DEBUG: (__contruct) New DeeZerApi Constructor called [] []
[2021-05-09T06:22:53.272804+00:00] DeezerApi.php.DEBUG: (__contruct) API key is : 	478102 [] []
[2021-05-09T06:22:53.276070+00:00] SpotifyApi.php.DEBUG: (getAuthUrl) : 1- http://musicmigrator:8080/spotify/auth/sources  	array (   'scope' =>    array (     0 => 'user-read-email',     1 => 'user-read-private',     2 => 'user-library-read',     3 => 'playlist-modify-public',   ), ) [] []
[2021-05-09T06:22:53.277510+00:00] SpotifyApi.php.DEBUG: (getAuthUrl) Authentication URL : https://accounts.spotify.com/authorize?client_id=da56c65c20f44b43b407a9d4c72d1cc6&redirect_uri=http%3A%2F%2Fmusicmigrator%3A8080%2Fspotify%2Fauth%2Fsources&response_type=code&scope=user-read-email+user-read-private+user-library-read+playlist-modify-public [] []
[2021-05-09T06:23:16.789911+00:00] DeezerApi.php.DEBUG: (__contruct) New DeeZerApi Constructor called [] []
[2021-05-09T06:23:16.793098+00:00] DeezerApi.php.DEBUG: (__contruct) API key is : 	478102 [] []
[2021-05-09T06:23:16.797145+00:00] SpotifyApi.php.DEBUG: (getAuthUrl) : 1- http://musicmigrator:8080/spotify/auth/sources  	array (   'scope' =>    array (     0 => 'user-read-email',     1 => 'user-read-private',     2 => 'user-library-read',     3 => 'playlist-modify-public',   ), ) [] []
[2021-05-09T06:23:16.798458+00:00] SpotifyApi.php.DEBUG: (getAuthUrl) Authentication URL : https://accounts.spotify.com/authorize?client_id=da56c65c20f44b43b407a9d4c72d1cc6&redirect_uri=http%3A%2F%2Fmusicmigrator%3A8080%2Fspotify%2Fauth%2Fsources&response_type=code&scope=user-read-email+user-read-private+user-library-read+playlist-modify-public [] []
